+86 10 6582 2892 => 010-65822892
(010)64629112 => 010-64629112
01051696505 => 010-51696505
+86-10-60712288 => 010-60712288
68716285 => 010-68716285
62555813 => 010-62555813
+86 1360 1135725  => 13601135725
 +86 10 5135 7212 => 010-51357212
+86 10 63016688 => 010-63016688
+86-10-64169999 => 010-64169999
+86 1064167544 => 010-64167544
010670666611 => omitted
861064057111 => 010-64057111
010-84477300 => 010-84477300
01064177646 => 010-64177646
01059716901 => 010-59716901
01066511600 => 010-66511600
+86-010-67814533 => 010-67814533
01067635409 => 010-67635409
01064185590 => 010-64185590
+86-010-67876799 => 010-67876799
+86 15611952928 => 15611952928
+86-010-67850505 => 010-67850505
+86 10 64068858 => 010-64068858
+86 10 65222991 => 010-65222991
86-010-82527078 => 010-82527078
+86 1064173388 => 010-64173388
01084041430 => 010-84041430
+86 10 8328 8823 => 010-83288823
01063014411 => 010-63014411
+861085118100 => 010-85118100
56234485 => 010-56234485
+861065976597 => 010-65976597
01063083971 => 010-63083971
010-87926482 => 010-87926482
+86-010-62648616 => 010-62648616
+86 13681462440 => 13681462440
+8613520463666 => 13520463666
+86 10 8438 8088 => 010-84388088
010-67125650 => 010-67125650
+86(010)62591264 => 010-62591264
+861084619951 => 010-84619951
010-82403675 => 010-82403675
01069818181 => 010-69818181
64361608 => 010-64361608
00861065323114 => 010-65323114
008613901017417 => 13901017417
00861065327547 => 010-65327547
+8665280599 => 010-65280599
+86 10 6438 6892 => 010-64386892
84578536 => 010-84578536
64359561 => 010-64359561
010-87570808 => 010-87570808
+86-10-65130369 => 010-65130369
18618418728 => 18618418728
+861084039748 => 010-84039748
+86 4006781313 => omitted
010-96165 => 010-01096165
01067112480 => 010-67112480
64155926 => 010-64155926
85994866 => 010-85994866
+86 10 82611818 => 010-82611818
+86 10 68291518 => 010-68291518
+8610-88087384；88086667 => omitted
03126550752 => omitted
56154988 => 010-56154988
+86 10 8454 4580 => 010-84544580
13811510680 => 13811510680
(8610)13717888828 => 13717888828
10 6313 5409 => 010-63135409
00861084021970 => 010-84021970
+861065518967 => 010-65518967
01062142299 => 010-62142299
+86 10 6458 3588 => 010-64583588
67025681 => 010-67025681
59789942 => 010-59789942
+86 010-68416863 => 010-68416863
+86-10-84018039 => 010-84018039
+8618911270587 => 18911270587
4001597597 => omitted
01065267080 => 010-65267080
+861084002429 => 010-84002429
+86 10 58168999 => 010-58168999
+8610-58757734 => 010-58757734
18515893561 => 18515893561
01058757888 => 010-58757888
13911902612 => 13911902612
01067626653 => 010-67626653
01067654321 => 010-67654321
01067635839 => 010-67635839
01067647183 => 010-67647183
01067642846 => 010-67642846
01067613312 => 010-67613312
01067682664 => 010-67682664
01067676839 => 010-67676839
01067621111 => 010-67621111
01063676368 => 010-63676368
01057133768 => 010-57133768
01067653442 => 010-67653442
01082838391 => 010-82838391
01067699212 => 010-67699212
0106765514 => omitted
01067640240 => 010-67640240
01067669529 => 010-67669529
01067671930 => 010-67671930
01067674500 => 010-67674500
01067606235 => 010-67606235
01087681131 => 010-87681131
01067665063 => 010-67665063
01067610542 => 010-67610542
01087679118 => 010-87679118
01087679066 => 010-87679066
01063334502 => 010-63334502
01067660240 => 010-67660240
01067606236 => 010-67606236
01087671788 => 010-87671788
01067182549 => 010-67182549
01087618788 => 010-87618788
01067602615 => 010-67602615
01067651901 => 010-67651901
01067682291 => 010-67682291
01087621981 => 010-87621981
01067608866 => 010-67608866
01067121159 => 010-67121159
01067658119 => 010-67658119
01067630572 => 010-67630572
13522745128 => 13522745128
01067109928 => 010-67109928
01087660014 => 010-87660014
01087643531 => 010-87643531
01067625566 => 010-67625566
01067161451 => 010-67161451
01067107000 => 010-67107000
01051902192 => 010-51902192
01051902095 => 010-51902095
01067140171 => 010-67140171
01063046842 => 010-63046842
01087103728 => 010-87103728
01067179468 => 010-67179468
01067185956 => 010-67185956
01087103578 => 010-87103578
01067113100 => 010-67113100
01067113631 => 010-67113631
01067115527 => 010-67115527
010-84450088 => 010-84450088
+8601080429131 => 010-80429131
+8613691474408 => 13691474408
+8613691474408 => 13691474408
+86 10 64969988 => 010-64969988
64007868 => 010-64007868
+86-10-6458 8888 => 010-64588888
01064073589 => 010-64073589
+861056592888 => 010-56592888
+86010-65321825 => 010-65321825
+861085322054 => 010-85322054
+861064388802 => 010-64388802
010-80883780 => 010-80883780
010-62692885 => 010-62692885
+861064329341 => 010-64329341
4000601618 => omitted
+86 10 61412089 => 010-61412089
01062155956 => 010-62155956
(0086) 10 6532 44 45 => 010-65324445
+861066069281 => 010-66069281
+86 8610 6437 6299 => omitted
13426125412 => 13426125412
13701179386 => 13701179386
010 6612 8341 => 010-66128341
+8618515036193 => 18515036193
1861743838 => omitted
+86 10 62773561 => 010-62773561
+861081528822 => 010-81528822
0086 (0)10 51924000 => 010-51924000
01085630801 => 010-85630801
+86-10-65069280 => 010-65069280
62032905 => 010-62032905
010 87280888 => 010-87280888
01065132277 => 010-65132277
+86-10-68498888 => 010-68498888
51394000 => 010-51394000
(+86)10 => omitted
65133366 => 010-65133366
68716285 => 010-68716285
62555813 => 010-62555813
15601077881 => 15601077881
69818061 => 010-69818061
69843005 => 010-69843005
+86 10 5960 2288 => 010-59602288
+86-010-69079001 => 010-69079001
010-58050500 => 010-58050500
010-68322153 => 010-68322153
+86-10-5865-5000 => 010-58655000
+861065323321 => 010-65323321
+86 10 5870 9188 => 010-58709188
+8601062338236 => 010-62338236
010－68688119 => 010-68688119
(8610) 64565588 => 010-64565588
+86-10-56455628 => 010-56455628
+86 10 8563 5588 => 010-85635588
+86-10-65846000 => 010-65846000
+8615801253815 => 15801253815
+86 10 58128888 => 010-58128888
+86 10 8532 7600 => 010-85327600
68903402 => 010-68903402
86-10-64576666 => 010-64576666
+86 10 5926 8888 => 010-59268888
+86-10-59096688 => 010-59096688
+86 010 69618888 => 010-69618888
+86 10 8520 8989 => 010-85208989
+861082825591 => 010-82825591
+86 010-61677039 => 010-61677039